2014-01-18 01:15:35,671 [http-bio-8080-exec-8] ERROR StackTrace  - Full Stack Trace:
java.net.ConnectException: Connection refused: connect
	at java.net.DualStackPlainSocketImpl.waitForConnect(Native Method)
	at java.net.DualStackPlainSocketImpl.socketConnect(DualStackPlainSocketImpl.java:75)
	at java.net.AbstractPlainSocketImpl.doConnect(AbstractPlainSocketImpl.java:339)
	at java.net.AbstractPlainSocketImpl.connectToAddress(AbstractPlainSocketImpl.java:200)
	at java.net.AbstractPlainSocketImpl.connect(AbstractPlainSocketImpl.java:182)
	at java.net.PlainSocketImpl.connect(PlainSocketImpl.java:157)
	at java.net.SocksSocketImpl.connect(SocksSocketImpl.java:391)
	at java.net.Socket.connect(Socket.java:579)
	at com.mongodb.DBPort._open(DBPort.java:223)
	at com.mongodb.DBPort.go(DBPort.java:125)
	at com.mongodb.DBPort.call(DBPort.java:92)
	at com.mongodb.DBTCPConnector.innerCall(DBTCPConnector.java:244)
	at com.mongodb.DBTCPConnector.call(DBTCPConnector.java:216)
	at com.mongodb.DBApiLayer$MyCollection.__find(DBApiLayer.java:288)
	at com.mongodb.DB.command(DB.java:262)
	at com.mongodb.DB.command(DB.java:244)
	at com.mongodb.DBCollection.getCount(DBCollection.java:985)
	at com.mongodb.DBCursor.size(DBCursor.java:602)
	at org.grails.datastore.mapping.mongo.query.MongoQuery$36.doInDB(MongoQuery.java:532)
	at org.grails.datastore.mapping.mongo.query.MongoQuery$36.doInDB(MongoQuery.java:493)
	at org.springframework.data.mongodb.core.MongoTemplate.execute(MongoTemplate.java:372)
	at org.grails.datastore.mapping.mongo.query.MongoQuery.executeQuery(MongoQuery.java:493)
	at org.grails.datastore.mapping.query.Query.list(Query.java:509)
	at org.grails.datastore.mapping.query.Query.singleResult(Query.java:527)
	at org.grails.datastore.mapping.query.Query$singleResult.call(Unknown Source)
	at org.codehaus.groovy.runtime.callsite.CallSiteArray.defaultCall(CallSiteArray.java:45)
	at org.codehaus.groovy.runtime.callsite.AbstractCallSite.call(AbstractCallSite.java:108)
	at org.codehaus.groovy.runtime.callsite.AbstractCallSite.call(AbstractCallSite.java:112)
	at org.grails.datastore.gorm.GormStaticApi$_count_closure13.doCall(GormStaticApi.groovy:343)
	at sun.reflect.NativeMethodAccessorImpl.invoke0(Native Method)
	at sun.reflect.NativeMethodAccessorImpl.invoke(NativeMethodAccessorImpl.java:57)
	at sun.reflect.DelegatingMethodAccessorImpl.invoke(DelegatingMethodAccessorImpl.java:43)
	at java.lang.reflect.Method.invoke(Method.java:601)
	at org.springsource.loaded.ri.ReflectiveInterceptor.jlrMethodInvoke(ReflectiveInterceptor.java:1259)
	at org.codehaus.groovy.reflection.CachedMethod.invoke(CachedMethod.java:90)
	at groovy.lang.MetaMethod.doMethodInvoke(MetaMethod.java:233)
	at groovy.lang.MetaClassImpl.invokeMethod(MetaClassImpl.java:1082)
	at groovy.lang.ExpandoMetaClass.invokeMethod(ExpandoMetaClass.java:1106)
	at groovy.lang.MetaClassImpl.invokeMethod(MetaClassImpl.java:906)
	at groovy.lang.Closure.call(Closure.java:412)
	at org.codehaus.groovy.runtime.ConvertedClosure.invokeCustom(ConvertedClosure.java:51)
	at org.codehaus.groovy.runtime.ConversionHandler.invoke(ConversionHandler.java:82)
	at $Proxy28.doInSession(Unknown Source)
	at org.grails.datastore.mapping.core.DatastoreUtils.execute(DatastoreUtils.java:302)
	at org.grails.datastore.mapping.core.DatastoreUtils$execute.call(Unknown Source)
	at org.grails.datastore.gorm.AbstractDatastoreApi.execute(AbstractDatastoreApi.groovy:34)
	at sun.reflect.NativeMethodAccessorImpl.invoke0(Native Method)
	at sun.reflect.NativeMethodAccessorImpl.invoke(NativeMethodAccessorImpl.java:57)
	at sun.reflect.DelegatingMethodAccessorImpl.invoke(DelegatingMethodAccessorImpl.java:43)
	at java.lang.reflect.Method.invoke(Method.java:601)
	at org.springsource.loaded.ri.ReflectiveInterceptor.jlrMethodInvoke(ReflectiveInterceptor.java:1259)
	at org.codehaus.groovy.runtime.callsite.PogoMetaMethodSite$PogoCachedMethodSite.invoke(PogoMetaMethodSite.java:231)
	at org.codehaus.groovy.runtime.callsite.PogoMetaMethodSite.callCurrent(PogoMetaMethodSite.java:52)
	at org.codehaus.groovy.runtime.callsite.CallSiteArray.defaultCallCurrent(CallSiteArray.java:49)
	at org.codehaus.groovy.runtime.callsite.AbstractCallSite.callCurrent(AbstractCallSite.java:133)
	at org.codehaus.groovy.runtime.callsite.AbstractCallSite.callCurrent(AbstractCallSite.java:141)
	at org.grails.datastore.gorm.GormStaticApi.count(GormStaticApi.groovy:339)
	at sun.reflect.NativeMethodAccessorImpl.invoke0(Native Method)
	at sun.reflect.NativeMethodAccessorImpl.invoke(NativeMethodAccessorImpl.java:57)
	at sun.reflect.DelegatingMethodAccessorImpl.invoke(DelegatingMethodAccessorImpl.java:43)
	at java.lang.reflect.Method.invoke(Method.java:601)
	at org.springsource.loaded.ri.ReflectiveInterceptor.jlrMethodInvoke(ReflectiveInterceptor.java:1259)
	at org.codehaus.groovy.reflection.CachedMethod.invoke(CachedMethod.java:90)
	at groovy.lang.MetaMethod.doMethodInvoke(MetaMethod.java:233)
	at groovy.lang.MetaClassImpl.invokeMethod(MetaClassImpl.java:1082)
	at groovy.lang.ExpandoMetaClass.invokeMethod(ExpandoMetaClass.java:1106)
	at groovy.lang.MetaClassImpl.invokeMethod(MetaClassImpl.java:906)
	at org.codehaus.groovy.runtime.InvokerHelper.invokePogoMethod(InvokerHelper.java:848)
	at org.codehaus.groovy.runtime.InvokerHelper.invokeMethod(InvokerHelper.java:831)
	at org.codehaus.groovy.runtime.ScriptBytecodeAdapter.invokeMethodN(ScriptBytecodeAdapter.java:164)
	at org.grails.datastore.gorm.StaticMethodInvokingClosure.call(GormEnhancer.groovy:288)
	at org.codehaus.groovy.runtime.metaclass.ClosureStaticMetaMethod.invoke(ClosureStaticMetaMethod.java:59)
	at org.codehaus.groovy.runtime.callsite.StaticMetaMethodSite$StaticMetaMethodSiteNoUnwrapNoCoerce.invoke(StaticMetaMethodSite.java:148)
	at org.codehaus.groovy.runtime.callsite.StaticMetaMethodSite.call(StaticMetaMethodSite.java:88)
	at org.codehaus.groovy.runtime.callsite.CallSiteArray.defaultCall(CallSiteArray.java:45)
	at org.codehaus.groovy.runtime.callsite.AbstractCallSite.call(AbstractCallSite.java:108)
	at org.codehaus.groovy.runtime.callsite.AbstractCallSite.call(AbstractCallSite.java:112)
	at com.wellness.mongodb.PersonController.list(script1390036519309698720254.groovy:15)
	at com.wellness.mongodb.PersonController.list(script1390036519309698720254.groovy)
	at sun.reflect.NativeMethodAccessorImpl.invoke0(Native Method)
	at sun.reflect.NativeMethodAccessorImpl.invoke(NativeMethodAccessorImpl.java:57)
	at sun.reflect.DelegatingMethodAccessorImpl.invoke(DelegatingMethodAccessorImpl.java:43)
	at java.lang.reflect.Method.invoke(Method.java:601)
	at org.springsource.loaded.ri.ReflectiveInterceptor.jlrMethodInvoke(ReflectiveInterceptor.java:1259)
	at org.codehaus.groovy.reflection.CachedMethod.invoke(CachedMethod.java:90)
	at groovy.lang.MetaMethod.doMethodInvoke(MetaMethod.java:233)
	at groovy.lang.MetaClassImpl.invokeMethod(MetaClassImpl.java:1082)
	at groovy.lang.ExpandoMetaClass.invokeMethod(ExpandoMetaClass.java:1106)
	at groovy.lang.MetaClassImpl.invokeMethod(MetaClassImpl.java:949)
	at groovy.lang.ExpandoMetaClass.invokeMethod(ExpandoMetaClass.java:1106)
	at groovy.lang.MetaClassImpl.invokeMethod(MetaClassImpl.java:906)
	at groovy.lang.Closure.call(Closure.java:412)
	at groovy.lang.Closure.call(Closure.java:406)
	at org.codehaus.groovy.grails.web.servlet.mvc.MixedGrailsControllerHelper.invoke(MixedGrailsControllerHelper.java:71)
	at grails.plugin.cache.web.ProxyAwareMixedGrailsControllerHelper.invoke(ProxyAwareMixedGrailsControllerHelper.java)
	at org.codehaus.groovy.grails.web.servlet.mvc.AbstractGrailsControllerHelper.handleAction(AbstractGrailsControllerHelper.java:348)
	at grails.plugin.cache.web.ProxyAwareMixedGrailsControllerHelper.handleAction(ProxyAwareMixedGrailsControllerHelper.java)
	at org.codehaus.groovy.grails.web.servlet.mvc.AbstractGrailsControllerHelper.executeAction(AbstractGrailsControllerHelper.java:231)
	at grails.plugin.cache.web.ProxyAwareMixedGrailsControllerHelper.executeAction(ProxyAwareMixedGrailsControllerHelper.java)
	at org.codehaus.groovy.grails.web.servlet.mvc.AbstractGrailsControllerHelper.handleURI(AbstractGrailsControllerHelper.java:197)
	at grails.plugin.cache.web.ProxyAwareMixedGrailsControllerHelper.handleURI(ProxyAwareMixedGrailsControllerHelper.java)
	at org.codehaus.groovy.grails.web.servlet.mvc.AbstractGrailsControllerHelper.handleURI(AbstractGrailsControllerHelper.java:118)
	at grails.plugin.cache.web.ProxyAwareMixedGrailsControllerHelper.handleURI(ProxyAwareMixedGrailsControllerHelper.java)
	at org.codehaus.groovy.grails.web.servlet.mvc.SimpleGrailsController.handleRequest(SimpleGrailsController.java:72)
	at org.springframework.web.servlet.mvc.SimpleControllerHandlerAdapter.handle(SimpleControllerHandlerAdapter.java:48)
	at org.codehaus.groovy.grails.web.servlet.GrailsDispatcherServlet.doDispatch(GrailsDispatcherServlet.java:328)
	at org.springframework.web.servlet.DispatcherServlet.doService(DispatcherServlet.java:852)
	at org.springframework.web.servlet.FrameworkServlet.processRequest(FrameworkServlet.java:882)
	at org.springframework.web.servlet.FrameworkServlet.doGet(FrameworkServlet.java:778)
	at javax.servlet.http.HttpServlet.service(HttpServlet.java:621)
	at javax.servlet.http.HttpServlet.service(HttpServlet.java:728)
	at org.apache.catalina.core.ApplicationFilterChain.internalDoFilter(ApplicationFilterChain.java:305)
	at org.apache.catalina.core.ApplicationFilterChain.doFilter(ApplicationFilterChain.java:210)
	at grails.plugin.cache.web.filter.PageFragmentCachingFilter.doFilter(PageFragmentCachingFilter.java:186)
	at grails.plugin.cache.web.filter.simple.MemoryPageFragmentCachingFilter.doFilter(MemoryPageFragmentCachingFilter.java)
	at grails.plugin.cache.web.filter.AbstractFilter.doFilter(AbstractFilter.java:63)
	at org.springframework.web.filter.DelegatingFilterProxy.invokeDelegate(DelegatingFilterProxy.java:346)
	at org.springframework.web.filter.DelegatingFilterProxy.doFilter(DelegatingFilterProxy.java:259)
	at org.apache.catalina.core.ApplicationFilterChain.internalDoFilter(ApplicationFilterChain.java:243)
	at org.apache.catalina.core.ApplicationFilterChain.doFilter(ApplicationFilterChain.java:210)
	at org.springframework.web.filter.OncePerRequestFilter.doFilter(OncePerRequestFilter.java:70)
	at org.apache.catalina.core.ApplicationFilterChain.internalDoFilter(ApplicationFilterChain.java:243)
	at org.apache.catalina.core.ApplicationFilterChain.doFilter(ApplicationFilterChain.java:210)
	at org.springframework.web.filter.OncePerRequestFilter.doFilter(OncePerRequestFilter.java:70)
	at org.apache.catalina.core.ApplicationFilterChain.internalDoFilter(ApplicationFilterChain.java:243)
	at org.apache.catalina.core.ApplicationFilterChain.doFilter(ApplicationFilterChain.java:210)
	at org.springframework.web.filter.OncePerRequestFilter.doFilter(OncePerRequestFilter.java:70)
	at org.apache.catalina.core.ApplicationFilterChain.internalDoFilter(ApplicationFilterChain.java:243)
	at org.apache.catalina.core.ApplicationFilterChain.doFilter(ApplicationFilterChain.java:210)
	at org.apache.catalina.core.ApplicationDispatcher.invoke(ApplicationDispatcher.java:749)
	at org.apache.catalina.core.ApplicationDispatcher.processRequest(ApplicationDispatcher.java:487)
	at org.apache.catalina.core.ApplicationDispatcher.doForward(ApplicationDispatcher.java:412)
	at org.apache.catalina.core.ApplicationDispatcher.forward(ApplicationDispatcher.java:339)
	at org.codehaus.groovy.grails.web.util.WebUtils.forwardRequestForUrlMappingInfo(WebUtils.java:314)
	at org.codehaus.groovy.grails.web.util.WebUtils.forwardRequestForUrlMappingInfo(WebUtils.java:279)
	at org.codehaus.groovy.grails.web.util.WebUtils.forwardRequestForUrlMappingInfo(WebUtils.java:270)
	at org.codehaus.groovy.grails.web.mapping.filter.UrlMappingsFilter.doFilterInternal(UrlMappingsFilter.java:222)
	at org.springframework.web.filter.OncePerRequestFilter.doFilter(OncePerRequestFilter.java:76)
	at org.apache.catalina.core.ApplicationFilterChain.internalDoFilter(ApplicationFilterChain.java:243)
	at org.apache.catalina.core.ApplicationFilterChain.doFilter(ApplicationFilterChain.java:210)
	at org.codehaus.groovy.grails.web.sitemesh.GrailsPageFilter.obtainContent(GrailsPageFilter.java:206)
	at org.codehaus.groovy.grails.web.sitemesh.GrailsPageFilter.doFilter(GrailsPageFilter.java:152)
	at org.apache.catalina.core.ApplicationFilterChain.internalDoFilter(ApplicationFilterChain.java:243)
	at org.apache.catalina.core.ApplicationFilterChain.doFilter(ApplicationFilterChain.java:210)
	at javax.servlet.FilterChain$doFilter.call(Unknown Source)
	at org.grails.plugin.resource.DevModeSanityFilter.doFilter(DevModeSanityFilter.groovy:44)
	at org.apache.catalina.core.ApplicationFilterChain.internalDoFilter(ApplicationFilterChain.java:243)
	at org.apache.catalina.core.ApplicationFilterChain.doFilter(ApplicationFilterChain.java:210)
	at org.codehaus.groovy.grails.web.servlet.mvc.GrailsWebRequestFilter.doFilterInternal(GrailsWebRequestFilter.java:69)
	at org.springframework.web.filter.OncePerRequestFilter.doFilter(OncePerRequestFilter.java:76)
	at org.apache.catalina.core.ApplicationFilterChain.internalDoFilter(ApplicationFilterChain.java:243)
	at org.apache.catalina.core.ApplicationFilterChain.doFilter(ApplicationFilterChain.java:210)
	at org.codehaus.groovy.grails.web.filters.HiddenHttpMethodFilter.doFilterInternal(HiddenHttpMethodFilter.java:66)
	at org.springframework.web.filter.OncePerRequestFilter.doFilter(OncePerRequestFilter.java:76)
	at org.apache.catalina.core.ApplicationFilterChain.internalDoFilter(ApplicationFilterChain.java:243)
	at org.apache.catalina.core.ApplicationFilterChain.doFilter(ApplicationFilterChain.java:210)
	at org.springframework.web.filter.CharacterEncodingFilter.doFilterInternal(CharacterEncodingFilter.java:88)
	at org.springframework.web.filter.OncePerRequestFilter.doFilter(OncePerRequestFilter.java:76)
	at org.springframework.web.filter.DelegatingFilterProxy.invokeDelegate(DelegatingFilterProxy.java:346)
	at org.springframework.web.filter.DelegatingFilterProxy.doFilter(DelegatingFilterProxy.java:259)
	at org.apache.catalina.core.ApplicationFilterChain.internalDoFilter(ApplicationFilterChain.java:243)
	at org.apache.catalina.core.ApplicationFilterChain.doFilter(ApplicationFilterChain.java:210)
	at org.apache.catalina.core.StandardWrapperValve.invoke(StandardWrapperValve.java:222)
	at org.apache.catalina.core.StandardContextValve.invoke(StandardContextValve.java:123)
	at org.apache.catalina.core.StandardHostValve.invoke(StandardHostValve.java:171)
	at org.apache.catalina.valves.ErrorReportValve.invoke(ErrorReportValve.java:99)
	at org.apache.catalina.core.StandardEngineValve.invoke(StandardEngineValve.java:118)
	at org.apache.catalina.connector.CoyoteAdapter.service(CoyoteAdapter.java:408)
	at org.apache.coyote.http11.AbstractHttp11Processor.process(AbstractHttp11Processor.java:1023)
	at org.apache.coyote.AbstractProtocol$AbstractConnectionHandler.process(AbstractProtocol.java:589)
	at org.apache.tomcat.util.net.JIoEndpoint$SocketProcessor.run(JIoEndpoint.java:312)
	at java.util.concurrent.ThreadPoolExecutor.runWorker(ThreadPoolExecutor.java:1110)
	at java.util.concurrent.ThreadPoolExecutor$Worker.run(ThreadPoolExecutor.java:603)
	at java.lang.Thread.run(Thread.java:722)
2014-01-18 01:15:35,678 [http-bio-8080-exec-8] ERROR StackTrace  - Full Stack Trace:
java.net.ConnectException: Connection refused: connect
	at java.net.DualStackPlainSocketImpl.socketConnect(DualStackPlainSocketImpl.java:75)
	at java.net.AbstractPlainSocketImpl.doConnect(AbstractPlainSocketImpl.java:339)
	at java.net.AbstractPlainSocketImpl.connectToAddress(AbstractPlainSocketImpl.java:200)
	at java.net.AbstractPlainSocketImpl.connect(AbstractPlainSocketImpl.java:182)
	at java.net.PlainSocketImpl.connect(PlainSocketImpl.java:157)
	at java.net.SocksSocketImpl.connect(SocksSocketImpl.java:391)
	at java.net.Socket.connect(Socket.java:579)
	at com.mongodb.DBPort._open(DBPort.java:223)
	at com.mongodb.DBPort.go(DBPort.java:125)
	at com.mongodb.DBPort.call(DBPort.java:92)
	at com.mongodb.DBTCPConnector.innerCall(DBTCPConnector.java:244)
	at com.mongodb.DBTCPConnector.call(DBTCPConnector.java:216)
	at com.mongodb.DBApiLayer$MyCollection.__find(DBApiLayer.java:288)
	at com.mongodb.DB.command(DB.java:262)
	at com.mongodb.DB.command(DB.java:244)
	at com.mongodb.DBCollection.getCount(DBCollection.java:985)
	at com.mongodb.DBCursor.size(DBCursor.java:602)
	at org.grails.datastore.mapping.mongo.query.MongoQuery$36.doInDB(MongoQuery.java:532)
	at org.grails.datastore.mapping.mongo.query.MongoQuery$36.doInDB(MongoQuery.java:493)
	at org.grails.datastore.mapping.mongo.query.MongoQuery.executeQuery(MongoQuery.java:493)
	at org.grails.datastore.mapping.query.Query.list(Query.java:509)
	at org.grails.datastore.mapping.query.Query.singleResult(Query.java:527)
	at org.grails.datastore.gorm.GormStaticApi$_count_closure13.doCall(GormStaticApi.groovy:343)
	at org.grails.datastore.mapping.core.DatastoreUtils.execute(DatastoreUtils.java:302)
	at org.grails.datastore.gorm.AbstractDatastoreApi.execute(AbstractDatastoreApi.groovy:34)
	at org.grails.datastore.gorm.GormStaticApi.count(GormStaticApi.groovy:339)
	at org.grails.datastore.gorm.StaticMethodInvokingClosure.call(GormEnhancer.groovy:288)
	at com.wellness.mongodb.PersonController.list(script1390036519309698720254.groovy:15)
	at grails.plugin.cache.web.filter.PageFragmentCachingFilter.doFilter(PageFragmentCachingFilter.java:186)
	at grails.plugin.cache.web.filter.AbstractFilter.doFilter(AbstractFilter.java:63)
	at java.util.concurrent.ThreadPoolExecutor.runWorker(ThreadPoolExecutor.java:1110)
	at java.util.concurrent.ThreadPoolExecutor$Worker.run(ThreadPoolExecutor.java:603)
	at java.lang.Thread.run(Thread.java:722)
2014-01-18 01:15:35,691 [http-bio-8080-exec-8] ERROR StackTrace  - Full Stack Trace:
java.net.ConnectException: Connection refused: connect
	at java.net.DualStackPlainSocketImpl.socketConnect(DualStackPlainSocketImpl.java:75)
	at java.net.AbstractPlainSocketImpl.doConnect(AbstractPlainSocketImpl.java:339)
	at java.net.AbstractPlainSocketImpl.connectToAddress(AbstractPlainSocketImpl.java:200)
	at java.net.AbstractPlainSocketImpl.connect(AbstractPlainSocketImpl.java:182)
	at java.net.PlainSocketImpl.connect(PlainSocketImpl.java:157)
	at java.net.SocksSocketImpl.connect(SocksSocketImpl.java:391)
	at java.net.Socket.connect(Socket.java:579)
	at com.mongodb.DBPort._open(DBPort.java:223)
	at com.mongodb.DBPort.go(DBPort.java:125)
	at com.mongodb.DBPort.call(DBPort.java:92)
	at com.mongodb.DBTCPConnector.innerCall(DBTCPConnector.java:244)
	at com.mongodb.DBTCPConnector.call(DBTCPConnector.java:216)
	at com.mongodb.DBApiLayer$MyCollection.__find(DBApiLayer.java:288)
	at com.mongodb.DB.command(DB.java:262)
	at com.mongodb.DB.command(DB.java:244)
	at com.mongodb.DBCollection.getCount(DBCollection.java:985)
	at com.mongodb.DBCursor.size(DBCursor.java:602)
	at org.grails.datastore.mapping.mongo.query.MongoQuery$36.doInDB(MongoQuery.java:532)
	at org.grails.datastore.mapping.mongo.query.MongoQuery$36.doInDB(MongoQuery.java:493)
	at org.grails.datastore.mapping.mongo.query.MongoQuery.executeQuery(MongoQuery.java:493)
	at org.grails.datastore.mapping.query.Query.list(Query.java:509)
	at org.grails.datastore.mapping.query.Query.singleResult(Query.java:527)
	at org.grails.datastore.gorm.GormStaticApi$_count_closure13.doCall(GormStaticApi.groovy:343)
	at org.grails.datastore.mapping.core.DatastoreUtils.execute(DatastoreUtils.java:302)
	at org.grails.datastore.gorm.AbstractDatastoreApi.execute(AbstractDatastoreApi.groovy:34)
	at org.grails.datastore.gorm.GormStaticApi.count(GormStaticApi.groovy:339)
	at org.grails.datastore.gorm.StaticMethodInvokingClosure.call(GormEnhancer.groovy:288)
	at com.wellness.mongodb.PersonController.list(script1390036519309698720254.groovy:15)
	at grails.plugin.cache.web.filter.PageFragmentCachingFilter.doFilter(PageFragmentCachingFilter.java:186)
	at grails.plugin.cache.web.filter.AbstractFilter.doFilter(AbstractFilter.java:63)
	at java.util.concurrent.ThreadPoolExecutor.runWorker(ThreadPoolExecutor.java:1110)
	at java.util.concurrent.ThreadPoolExecutor$Worker.run(ThreadPoolExecutor.java:603)
	at java.lang.Thread.run(Thread.java:722)
2014-01-18 01:15:35,692 [http-bio-8080-exec-8] ERROR StackTrace  - Full Stack Trace:
java.net.ConnectException: Connection refused: connect
	at java.net.DualStackPlainSocketImpl.socketConnect(DualStackPlainSocketImpl.java:75)
	at java.net.AbstractPlainSocketImpl.doConnect(AbstractPlainSocketImpl.java:339)
	at java.net.AbstractPlainSocketImpl.connectToAddress(AbstractPlainSocketImpl.java:200)
	at java.net.AbstractPlainSocketImpl.connect(AbstractPlainSocketImpl.java:182)
	at java.net.PlainSocketImpl.connect(PlainSocketImpl.java:157)
	at java.net.SocksSocketImpl.connect(SocksSocketImpl.java:391)
	at java.net.Socket.connect(Socket.java:579)
	at com.mongodb.DBPort._open(DBPort.java:223)
	at com.mongodb.DBPort.go(DBPort.java:125)
	at com.mongodb.DBPort.call(DBPort.java:92)
	at com.mongodb.DBTCPConnector.innerCall(DBTCPConnector.java:244)
	at com.mongodb.DBTCPConnector.call(DBTCPConnector.java:216)
	at com.mongodb.DBApiLayer$MyCollection.__find(DBApiLayer.java:288)
	at com.mongodb.DB.command(DB.java:262)
	at com.mongodb.DB.command(DB.java:244)
	at com.mongodb.DBCollection.getCount(DBCollection.java:985)
	at com.mongodb.DBCursor.size(DBCursor.java:602)
	at org.grails.datastore.mapping.mongo.query.MongoQuery$36.doInDB(MongoQuery.java:532)
	at org.grails.datastore.mapping.mongo.query.MongoQuery$36.doInDB(MongoQuery.java:493)
	at org.grails.datastore.mapping.mongo.query.MongoQuery.executeQuery(MongoQuery.java:493)
	at org.grails.datastore.mapping.query.Query.list(Query.java:509)
	at org.grails.datastore.mapping.query.Query.singleResult(Query.java:527)
	at org.grails.datastore.gorm.GormStaticApi$_count_closure13.doCall(GormStaticApi.groovy:343)
	at org.grails.datastore.mapping.core.DatastoreUtils.execute(DatastoreUtils.java:302)
	at org.grails.datastore.gorm.AbstractDatastoreApi.execute(AbstractDatastoreApi.groovy:34)
	at org.grails.datastore.gorm.GormStaticApi.count(GormStaticApi.groovy:339)
	at org.grails.datastore.gorm.StaticMethodInvokingClosure.call(GormEnhancer.groovy:288)
	at com.wellness.mongodb.PersonController.list(script1390036519309698720254.groovy:15)
	at grails.plugin.cache.web.filter.PageFragmentCachingFilter.doFilter(PageFragmentCachingFilter.java:186)
	at grails.plugin.cache.web.filter.AbstractFilter.doFilter(AbstractFilter.java:63)
	at java.util.concurrent.ThreadPoolExecutor.runWorker(ThreadPoolExecutor.java:1110)
	at java.util.concurrent.ThreadPoolExecutor$Worker.run(ThreadPoolExecutor.java:603)
	at java.lang.Thread.run(Thread.java:722)
2014-01-18 01:15:35,692 [http-bio-8080-exec-8] ERROR StackTrace  - Full Stack Trace:
java.net.ConnectException: Connection refused: connect
	at java.net.DualStackPlainSocketImpl.socketConnect(DualStackPlainSocketImpl.java:75)
	at java.net.AbstractPlainSocketImpl.doConnect(AbstractPlainSocketImpl.java:339)
	at java.net.AbstractPlainSocketImpl.connectToAddress(AbstractPlainSocketImpl.java:200)
	at java.net.AbstractPlainSocketImpl.connect(AbstractPlainSocketImpl.java:182)
	at java.net.PlainSocketImpl.connect(PlainSocketImpl.java:157)
	at java.net.SocksSocketImpl.connect(SocksSocketImpl.java:391)
	at java.net.Socket.connect(Socket.java:579)
	at com.mongodb.DBPort._open(DBPort.java:223)
	at com.mongodb.DBPort.go(DBPort.java:125)
	at com.mongodb.DBPort.call(DBPort.java:92)
	at com.mongodb.DBTCPConnector.innerCall(DBTCPConnector.java:244)
	at com.mongodb.DBTCPConnector.call(DBTCPConnector.java:216)
	at com.mongodb.DBApiLayer$MyCollection.__find(DBApiLayer.java:288)
	at com.mongodb.DB.command(DB.java:262)
	at com.mongodb.DB.command(DB.java:244)
	at com.mongodb.DBCollection.getCount(DBCollection.java:985)
	at com.mongodb.DBCursor.size(DBCursor.java:602)
	at org.grails.datastore.mapping.mongo.query.MongoQuery$36.doInDB(MongoQuery.java:532)
	at org.grails.datastore.mapping.mongo.query.MongoQuery$36.doInDB(MongoQuery.java:493)
	at org.grails.datastore.mapping.mongo.query.MongoQuery.executeQuery(MongoQuery.java:493)
	at org.grails.datastore.mapping.query.Query.list(Query.java:509)
	at org.grails.datastore.mapping.query.Query.singleResult(Query.java:527)
	at org.grails.datastore.gorm.GormStaticApi$_count_closure13.doCall(GormStaticApi.groovy:343)
	at org.grails.datastore.mapping.core.DatastoreUtils.execute(DatastoreUtils.java:302)
	at org.grails.datastore.gorm.AbstractDatastoreApi.execute(AbstractDatastoreApi.groovy:34)
	at org.grails.datastore.gorm.GormStaticApi.count(GormStaticApi.groovy:339)
	at org.grails.datastore.gorm.StaticMethodInvokingClosure.call(GormEnhancer.groovy:288)
	at com.wellness.mongodb.PersonController.list(script1390036519309698720254.groovy:15)
	at grails.plugin.cache.web.filter.PageFragmentCachingFilter.doFilter(PageFragmentCachingFilter.java:186)
	at grails.plugin.cache.web.filter.AbstractFilter.doFilter(AbstractFilter.java:63)
	at java.util.concurrent.ThreadPoolExecutor.runWorker(ThreadPoolExecutor.java:1110)
	at java.util.concurrent.ThreadPoolExecutor$Worker.run(ThreadPoolExecutor.java:603)
	at java.lang.Thread.run(Thread.java:722)
2014-01-18 01:15:35,692 [http-bio-8080-exec-8] ERROR StackTrace  - Full Stack Trace:
java.net.ConnectException: Connection refused: connect
	at java.net.DualStackPlainSocketImpl.socketConnect(DualStackPlainSocketImpl.java:75)
	at java.net.AbstractPlainSocketImpl.doConnect(AbstractPlainSocketImpl.java:339)
	at java.net.AbstractPlainSocketImpl.connectToAddress(AbstractPlainSocketImpl.java:200)
	at java.net.AbstractPlainSocketImpl.connect(AbstractPlainSocketImpl.java:182)
	at java.net.PlainSocketImpl.connect(PlainSocketImpl.java:157)
	at java.net.SocksSocketImpl.connect(SocksSocketImpl.java:391)
	at java.net.Socket.connect(Socket.java:579)
	at com.mongodb.DBPort._open(DBPort.java:223)
	at com.mongodb.DBPort.go(DBPort.java:125)
	at com.mongodb.DBPort.call(DBPort.java:92)
	at com.mongodb.DBTCPConnector.innerCall(DBTCPConnector.java:244)
	at com.mongodb.DBTCPConnector.call(DBTCPConnector.java:216)
	at com.mongodb.DBApiLayer$MyCollection.__find(DBApiLayer.java:288)
	at com.mongodb.DB.command(DB.java:262)
	at com.mongodb.DB.command(DB.java:244)
	at com.mongodb.DBCollection.getCount(DBCollection.java:985)
	at com.mongodb.DBCursor.size(DBCursor.java:602)
	at org.grails.datastore.mapping.mongo.query.MongoQuery$36.doInDB(MongoQuery.java:532)
	at org.grails.datastore.mapping.mongo.query.MongoQuery$36.doInDB(MongoQuery.java:493)
	at org.grails.datastore.mapping.mongo.query.MongoQuery.executeQuery(MongoQuery.java:493)
	at org.grails.datastore.mapping.query.Query.list(Query.java:509)
	at org.grails.datastore.mapping.query.Query.singleResult(Query.java:527)
	at org.grails.datastore.gorm.GormStaticApi$_count_closure13.doCall(GormStaticApi.groovy:343)
	at org.grails.datastore.mapping.core.DatastoreUtils.execute(DatastoreUtils.java:302)
	at org.grails.datastore.gorm.AbstractDatastoreApi.execute(AbstractDatastoreApi.groovy:34)
	at org.grails.datastore.gorm.GormStaticApi.count(GormStaticApi.groovy:339)
	at org.grails.datastore.gorm.StaticMethodInvokingClosure.call(GormEnhancer.groovy:288)
	at com.wellness.mongodb.PersonController.list(script1390036519309698720254.groovy:15)
	at grails.plugin.cache.web.filter.PageFragmentCachingFilter.doFilter(PageFragmentCachingFilter.java:186)
	at grails.plugin.cache.web.filter.AbstractFilter.doFilter(AbstractFilter.java:63)
	at java.util.concurrent.ThreadPoolExecutor.runWorker(ThreadPoolExecutor.java:1110)
	at java.util.concurrent.ThreadPoolExecutor$Worker.run(ThreadPoolExecutor.java:603)
	at java.lang.Thread.run(Thread.java:722)
